[[[自动注册扩展缓存完成]]]
[2018/12/12 11:13:17.6914]
[线程：1]
注册总用时：0.0939ms
自动扫描程序集：0个
扩展缓存：

[[[自动注册扩展缓存完成]]]
[2018/12/12 11:14:47.3296]
[线程：1]
注册总用时：0.113ms
自动扫描程序集：0个
扩展缓存：

[[[自动注册扩展缓存完成]]]
[2018/12/12 11:16:53.9861]
[线程：1]
注册总用时：0.0559ms
自动扫描程序集：0个
扩展缓存：

[[[自动注册扩展缓存完成]]]
[2018/12/12 11:19:11.8262]
[线程：1]
注册总用时：0.0681ms
自动扫描程序集：0个
扩展缓存：

[[[微信扩展缓存注册完成]]]
[2018/12/12 11:19:12.1459]
[线程：1]
微信扩展缓存注册总用时：48.3744ms
扩展缓存：Senparc.Weixin.Cache.LocalContainerCacheStrategy

[[[自动注册扩展缓存完成]]]
[2018/12/12 11:24:54.6381]
[线程：1]
注册总用时：2.253ms
自动扫描程序集：0个
扩展缓存：

[[[微信扩展缓存注册完成]]]
[2018/12/12 11:24:54.6590]
[线程：1]
微信扩展缓存注册总用时：1.143ms
扩展缓存：Senparc.Weixin.Cache.LocalContainerCacheStrategy

[[[自动注册扩展缓存完成]]]
[2018/12/12 14:47:21.9136]
[线程：1]
注册总用时：2.937ms
自动扫描程序集：0个
扩展缓存：

[[[微信扩展缓存注册完成]]]
[2018/12/12 14:47:21.9327]
[线程：1]
微信扩展缓存注册总用时：1.234ms
扩展缓存：Senparc.Weixin.Cache.LocalContainerCacheStrategy

[[[自动注册扩展缓存完成]]]
[2018/12/12 14:52:59.4546]
[线程：1]
注册总用时：2.219ms
自动扫描程序集：0个
扩展缓存：

[[[微信扩展缓存注册完成]]]
[2018/12/12 14:52:59.4749]
[线程：1]
微信扩展缓存注册总用时：2.191ms
扩展缓存：Senparc.Weixin.Cache.LocalContainerCacheStrategy

[[[自动注册扩展缓存完成]]]
[2018/12/12 22:15:29.1497]
[线程：1]
注册总用时：3.078ms
自动扫描程序集：0个
扩展缓存：

[[[微信扩展缓存注册完成]]]
[2018/12/12 22:15:29.1707]
[线程：1]
微信扩展缓存注册总用时：1.388ms
扩展缓存：Senparc.Weixin.Cache.LocalContainerCacheStrategy

[[[自动注册扩展缓存完成]]]
[2018/12/12 22:16:37.3694]
[线程：1]
注册总用时：2.319ms
自动扫描程序集：0个
扩展缓存：

[[[微信扩展缓存注册完成]]]
[2018/12/12 22:16:37.3879]
[线程：1]
微信扩展缓存注册总用时：1.223ms
扩展缓存：Senparc.Weixin.Cache.LocalContainerCacheStrategy

[[[自动注册扩展缓存完成]]]
[2018/12/12 22:25:59.4179]
[线程：1]
注册总用时：2.25ms
自动扫描程序集：0个
扩展缓存：

[[[微信扩展缓存注册完成]]]
[2018/12/12 22:25:59.4366]
[线程：1]
微信扩展缓存注册总用时：1.318ms
扩展缓存：Senparc.Weixin.Cache.LocalContainerCacheStrategy

[[[自动注册扩展缓存完成]]]
[2018/12/12 22:26:16.8537]
[线程：1]
注册总用时：2.206ms
自动扫描程序集：0个
扩展缓存：

[[[微信扩展缓存注册完成]]]
[2018/12/12 22:26:16.8719]
[线程：1]
微信扩展缓存注册总用时：1.295ms
扩展缓存：Senparc.Weixin.Cache.LocalContainerCacheStrategy

[[[自动注册扩展缓存完成]]]
[2018/12/12 22:27:27.3447]
[线程：1]
注册总用时：2.263ms
自动扫描程序集：0个
扩展缓存：

[[[微信扩展缓存注册完成]]]
[2018/12/12 22:27:27.3654]
[线程：1]
微信扩展缓存注册总用时：1.374ms
扩展缓存：Senparc.Weixin.Cache.LocalContainerCacheStrategy

[[[自动注册扩展缓存完成]]]
[2018/12/12 22:32:46.8311]
[线程：1]
注册总用时：4.721ms
自动扫描程序集：0个
扩展缓存：

[[[微信扩展缓存注册完成]]]
[2018/12/12 22:32:46.8687]
[线程：1]
微信扩展缓存注册总用时：3.751ms
扩展缓存：Senparc.Weixin.Cache.LocalContainerCacheStrategy

[[[自动注册扩展缓存完成]]]
[2018/12/12 22:33:57.0964]
[线程：1]
注册总用时：5.096ms
自动扫描程序集：0个
扩展缓存：

[[[微信扩展缓存注册完成]]]
[2018/12/12 22:33:57.1418]
[线程：1]
微信扩展缓存注册总用时：1.725ms
扩展缓存：Senparc.Weixin.Cache.LocalContainerCacheStrategy

[[[自动注册扩展缓存完成]]]
[2018/12/12 22:34:30.7467]
[线程：1]
注册总用时：2.407ms
自动扫描程序集：0个
扩展缓存：

[[[微信扩展缓存注册完成]]]
[2018/12/12 22:34:30.7947]
[线程：1]
微信扩展缓存注册总用时：1.298ms
扩展缓存：Senparc.Weixin.Cache.LocalContainerCacheStrategy

[[[自动注册扩展缓存完成]]]
[2018/12/12 22:35:40.9523]
[线程：1]
注册总用时：2.447ms
自动扫描程序集：0个
扩展缓存：

[[[微信扩展缓存注册完成]]]
[2018/12/12 22:35:41.0001]
[线程：1]
微信扩展缓存注册总用时：2.579ms
扩展缓存：Senparc.Weixin.Cache.LocalContainerCacheStrategy

[[[自动注册扩展缓存完成]]]
[2018/12/12 22:37:08.3625]
[线程：1]
注册总用时：2.998ms
自动扫描程序集：0个
扩展缓存：

[[[微信扩展缓存注册完成]]]
[2018/12/12 22:37:08.3983]
[线程：1]
微信扩展缓存注册总用时：1.184ms
扩展缓存：Senparc.Weixin.Cache.LocalContainerCacheStrategy

[[[自动注册扩展缓存完成]]]
[2018/12/12 22:38:18.7670]
[线程：1]
注册总用时：3.067ms
自动扫描程序集：0个
扩展缓存：

[[[微信扩展缓存注册完成]]]
[2018/12/12 22:38:18.8016]
[线程：1]
微信扩展缓存注册总用时：1.272ms
扩展缓存：Senparc.Weixin.Cache.LocalContainerCacheStrategy

[[[自动注册扩展缓存完成]]]
[2018/12/12 22:42:15.0898]
[线程：1]
注册总用时：2.901ms
自动扫描程序集：0个
扩展缓存：

[[[微信扩展缓存注册完成]]]
[2018/12/12 22:42:15.1294]
[线程：1]
微信扩展缓存注册总用时：1.268ms
扩展缓存：Senparc.Weixin.Cache.LocalContainerCacheStrategy

