[[[自动注册扩展缓存完成]]]
[2018/12/13 09:41:59.5459]
[线程：1]
注册总用时：15.502ms
自动扫描程序集：0个
扩展缓存：

[[[微信扩展缓存注册完成]]]
[2018/12/13 09:41:59.5638]
[线程：1]
微信扩展缓存注册总用时：1.453ms
扩展缓存：Senparc.Weixin.Cache.LocalContainerCacheStrategy

[[[自动注册扩展缓存完成]]]
[2018/12/13 14:47:21.1061]
[线程：1]
注册总用时：14.403ms
自动扫描程序集：0个
扩展缓存：

[[[微信扩展缓存注册完成]]]
[2018/12/13 14:47:21.1317]
[线程：1]
微信扩展缓存注册总用时：1.626ms
扩展缓存：Senparc.Weixin.Cache.LocalContainerCacheStrategy

[[[自动注册扩展缓存完成]]]
[2018/12/13 14:50:50.7633]
[线程：1]
注册总用时：3.296ms
自动扫描程序集：0个
扩展缓存：

[[[微信扩展缓存注册完成]]]
[2018/12/13 14:50:50.7794]
[线程：1]
微信扩展缓存注册总用时：1.294ms
扩展缓存：Senparc.Weixin.Cache.LocalContainerCacheStrategy

[[[自动注册扩展缓存完成]]]
[2018/12/13 14:52:12.3358]
[线程：1]
注册总用时：2.615ms
自动扫描程序集：0个
扩展缓存：

[[[微信扩展缓存注册完成]]]
[2018/12/13 14:52:12.3726]
[线程：1]
微信扩展缓存注册总用时：1.433ms
扩展缓存：Senparc.Weixin.Cache.LocalContainerCacheStrategy

[[[自动注册扩展缓存完成]]]
[2018/12/13 18:18:49.6205]
[线程：1]
注册总用时：9.679ms
自动扫描程序集：0个
扩展缓存：

[[[微信扩展缓存注册完成]]]
[2018/12/13 18:18:49.6548]
[线程：1]
微信扩展缓存注册总用时：1.106ms
扩展缓存：Senparc.Weixin.Cache.LocalContainerCacheStrategy

[[[自动注册扩展缓存完成]]]
[2018/12/13 20:23:06.4185]
[线程：1]
注册总用时：4.738ms
自动扫描程序集：0个
扩展缓存：

[[[微信扩展缓存注册完成]]]
[2018/12/13 20:23:06.4717]
[线程：1]
微信扩展缓存注册总用时：2.136ms
扩展缓存：Senparc.Weixin.Cache.LocalContainerCacheStrategy

[[[自动注册扩展缓存完成]]]
[2018/12/13 21:34:35.4718]
[线程：1]
注册总用时：3.835ms
自动扫描程序集：0个
扩展缓存：

[[[微信扩展缓存注册完成]]]
[2018/12/13 21:34:35.5066]
[线程：1]
微信扩展缓存注册总用时：1.325ms
扩展缓存：Senparc.Weixin.Cache.LocalContainerCacheStrategy

