[[[自动注册扩展缓存完成]]]
[2018/12/18 15:51:29.1087]
[线程：1]
注册总用时：9.308ms
自动扫描程序集：0个
扩展缓存：

[[[微信扩展缓存注册完成]]]
[2018/12/18 15:51:29.1404]
[线程：1]
微信扩展缓存注册总用时：1.407ms
扩展缓存：Senparc.Weixin.Cache.LocalContainerCacheStrategy

[[[自动注册扩展缓存完成]]]
[2018/12/18 15:54:48.4888]
[线程：1]
注册总用时：2.961ms
自动扫描程序集：0个
扩展缓存：

[[[微信扩展缓存注册完成]]]
[2018/12/18 15:54:48.5227]
[线程：1]
微信扩展缓存注册总用时：1.281ms
扩展缓存：Senparc.Weixin.Cache.LocalContainerCacheStrategy

[[[自动注册扩展缓存完成]]]
[2018/12/18 16:07:53.8309]
[线程：1]
注册总用时：2.744ms
自动扫描程序集：0个
扩展缓存：

[[[微信扩展缓存注册完成]]]
[2018/12/18 16:07:53.8637]
[线程：1]
微信扩展缓存注册总用时：1.308ms
扩展缓存：Senparc.Weixin.Cache.LocalContainerCacheStrategy

[[[自动注册扩展缓存完成]]]
[2018/12/18 16:10:15.4744]
[线程：1]
注册总用时：2.35ms
自动扫描程序集：0个
扩展缓存：

[[[微信扩展缓存注册完成]]]
[2018/12/18 16:10:15.5078]
[线程：1]
微信扩展缓存注册总用时：1.266ms
扩展缓存：Senparc.Weixin.Cache.LocalContainerCacheStrategy

[[[自动注册扩展缓存完成]]]
[2018/12/18 16:27:47.4923]
[线程：1]
注册总用时：4.016ms
自动扫描程序集：0个
扩展缓存：

[[[微信扩展缓存注册完成]]]
[2018/12/18 16:27:47.5264]
[线程：1]
微信扩展缓存注册总用时：1.228ms
扩展缓存：Senparc.Weixin.Cache.LocalContainerCacheStrategy

[[[自动注册扩展缓存完成]]]
[2018/12/18 22:23:41.0305]
[线程：1]
注册总用时：1.5639ms
自动扫描程序集：0个
扩展缓存：

[[[微信扩展缓存注册完成]]]
[2018/12/18 22:23:41.0522]
[线程：1]
微信扩展缓存注册总用时：4.397ms
扩展缓存：Senparc.Weixin.Cache.LocalContainerCacheStrategy

[[[自动注册扩展缓存完成]]]
[2018/12/18 22:24:25.1320]
[线程：1]
注册总用时：0.8699ms
自动扫描程序集：0个
扩展缓存：

[[[微信扩展缓存注册完成]]]
[2018/12/18 22:24:25.1490]
[线程：1]
微信扩展缓存注册总用时：2.6978ms
扩展缓存：Senparc.Weixin.Cache.LocalContainerCacheStrategy

[[[自动注册扩展缓存完成]]]
[2018/12/18 22:30:46.7743]
[线程：1]
注册总用时：0.8652ms
自动扫描程序集：0个
扩展缓存：

[[[微信扩展缓存注册完成]]]
[2018/12/18 22:30:46.7913]
[线程：1]
微信扩展缓存注册总用时：2.6429ms
扩展缓存：Senparc.Weixin.Cache.LocalContainerCacheStrategy

[[[自动注册扩展缓存完成]]]
[2018/12/18 22:49:50.7171]
[线程：1]
注册总用时：0.8678ms
自动扫描程序集：0个
扩展缓存：

[[[微信扩展缓存注册完成]]]
[2018/12/18 22:49:50.7340]
[线程：1]
微信扩展缓存注册总用时：2.4048ms
扩展缓存：Senparc.Weixin.Cache.LocalContainerCacheStrategy

[[[自动注册扩展缓存完成]]]
[2018/12/18 22:57:27.5148]
[线程：1]
注册总用时：0.8729ms
自动扫描程序集：0个
扩展缓存：

[[[微信扩展缓存注册完成]]]
[2018/12/18 22:57:27.5319]
[线程：1]
微信扩展缓存注册总用时：2.7177ms
扩展缓存：Senparc.Weixin.Cache.LocalContainerCacheStrategy

[[[自动注册扩展缓存完成]]]
[2018/12/18 23:01:44.2900]
[线程：1]
注册总用时：0.8556ms
自动扫描程序集：0个
扩展缓存：

[[[微信扩展缓存注册完成]]]
[2018/12/18 23:01:44.3064]
[线程：1]
微信扩展缓存注册总用时：2.2545ms
扩展缓存：Senparc.Weixin.Cache.LocalContainerCacheStrategy

[[[自动注册扩展缓存完成]]]
[2018/12/18 23:14:57.8685]
[线程：1]
注册总用时：0.8588ms
自动扫描程序集：0个
扩展缓存：

[[[微信扩展缓存注册完成]]]
[2018/12/18 23:14:57.8859]
[线程：1]
微信扩展缓存注册总用时：2.1073ms
扩展缓存：Senparc.Weixin.Cache.LocalContainerCacheStrategy

[[[自动注册扩展缓存完成]]]
[2018/12/18 23:16:18.0867]
[线程：1]
注册总用时：0.8505ms
自动扫描程序集：0个
扩展缓存：

[[[微信扩展缓存注册完成]]]
[2018/12/18 23:16:18.1035]
[线程：1]
微信扩展缓存注册总用时：2.2535ms
扩展缓存：Senparc.Weixin.Cache.LocalContainerCacheStrategy

[[[自动注册扩展缓存完成]]]
[2018/12/18 23:17:32.0561]
[线程：1]
注册总用时：0.8601ms
自动扫描程序集：0个
扩展缓存：

[[[微信扩展缓存注册完成]]]
[2018/12/18 23:17:32.0728]
[线程：1]
微信扩展缓存注册总用时：2.522ms
扩展缓存：Senparc.Weixin.Cache.LocalContainerCacheStrategy

